<?xml version="1.0" encoding="UTF-8"?>
<!-- Generated by org.testng.reporters.JUnitXMLReporter -->
<testsuite hostname="menyz.local" name="Sanity Tests" tests="14" failures="2" timestamp="10 Dec 2014 14:19:01 GMT" time="5268.801" errors="0">
  <testcase name="Favorites" time="40.533" classname="com.pp.ios.auto.sanityIos">
    <failure type="java.lang.AssertionError" message="WebElement is not visible">
      <![CDATA[java.lang.AssertionError: WebElement is not visible
	at com.pp.ios.auto.GenericMethods.isElementVisibleNative(GenericMethods.java:979)
	at com.pp.ios.auto.sanityIos.Favorites(sanityIos.java:1024)
... Removed 25 stack frames]]>
    </failure>
  </testcase> <!-- Favorites -->
  <testcase name="addRemoveTeamFolders" time="746.604" classname="com.pp.ios.auto.sanityIos"/>
  <testcase name="backupInBackground" time="243.385" classname="com.pp.ios.auto.sanityIos"/>
  <testcase name="badCredentials" time="165.379" classname="com.pp.ios.auto.sanityIos"/>
  <testcase name="createNewUser" time="276.827" classname="com.pp.ios.auto.sanityIos"/>
  <testcase name="foregroundBackgroundSwith" time="124.497" classname="com.pp.ios.auto.sanityIos"/>
  <testcase name="search" time="582.87" classname="com.pp.ios.auto.sanityIos"/>
  <testcase name="settingsBackupEnableDisable" time="138.983" classname="com.pp.ios.auto.sanityIos"/>
  <testcase name="settingsBackupEnableDisableDuringUpload" time="525.487" classname="com.pp.ios.auto.sanityIos"/>
  <testcase name="settingsPasscodeSanity" time="275.912" classname="com.pp.ios.auto.sanityIos"/>
  <testcase name="settingsSaveLoginSanity" time="43.662" classname="com.pp.ios.auto.sanityIos"/>
  <testcase name="testCreatefolder" time="163.109" classname="com.pp.ios.auto.sanityIos"/>
  <testcase name="testTour" time="554.247" classname="com.pp.ios.auto.sanityIos"/>
  <testcase name="uploadExistingPotos" time="159.83" classname="com.pp.ios.auto.sanityIos">
    <failure type="org.openqa.selenium.NoSuchElementException" message="An element could not be located on the page using the given search parameters. (WARNING: The server did not provide any stacktrace information)
Command duration or timeout: 1.08 seconds
For documentation on this error, please visit: http://seleniumhq.org/exceptions/no_such_element.html
Build info: version: &amp;apos;2.44.0&amp;apos;, revision: &amp;apos;76d78cf&amp;apos;, time: &amp;apos;2014-10-23 20:03:00&amp;apos;
System info: host: &amp;apos;menyz.local&amp;apos;, ip: &amp;apos;10.0.0.9&amp;apos;, os.name: &amp;apos;Mac OS X&amp;apos;, os.arch: &amp;apos;x86_64&amp;apos;, os.version: &amp;apos;10.9.5&amp;apos;, java.version: &amp;apos;1.8.0_11&amp;apos;
Driver info: io.appium.java_client.ios.IOSDriver
Capabilities [{app=/Users/qa/Desktop/Appium/Pogoplug.app, networkConnectionEnabled=false, warnings={}, databaseEnabled=false, deviceName=Automation test2, version=8.1, platform=MAC, desired={app=/Users/qa/Desktop/Appium/Pogoplug.app, udid=dc32ad3627707abcf57c9844d4ed95e4c212e5a9, platformName=iOS, deviceName=Automation test2, device=iPhone 5, version=8.1}, webStorageEnabled=false, locationContextEnabled=false, browserName=iOS, takesScreenshot=true, javascriptEnabled=true, udid=dc32ad3627707abcf57c9844d4ed95e4c212e5a9, platformName=iOS, device=iPhone 5}]
Session ID: 03d173c1-7406-4615-a60b-568d3d1d9309">
      <![CDATA[org.openqa.selenium.NoSuchElementException: An element could not be located on the page using the given search parameters. (WARNING: The server did not provide any stacktrace information)
Command duration or timeout: 1.08 seconds
For documentation on this error, please visit: http://seleniumhq.org/exceptions/no_such_element.html
Build info: version: '2.44.0', revision: '76d78cf', time: '2014-10-23 20:03:00'
System info: host: 'menyz.local', ip: '10.0.0.9', os.name: 'Mac OS X', os.arch: 'x86_64', os.version: '10.9.5', java.version: '1.8.0_11'
Driver info: io.appium.java_client.ios.IOSDriver
Capabilities [{app=/Users/qa/Desktop/Appium/Pogoplug.app, networkConnectionEnabled=false, warnings={}, databaseEnabled=false, deviceName=Automation test2, version=8.1, platform=MAC, desired={app=/Users/qa/Desktop/Appium/Pogoplug.app, udid=dc32ad3627707abcf57c9844d4ed95e4c212e5a9, platformName=iOS, deviceName=Automation test2, device=iPhone 5, version=8.1}, webStorageEnabled=false, locationContextEnabled=false, browserName=iOS, takesScreenshot=true, javascriptEnabled=true, udid=dc32ad3627707abcf57c9844d4ed95e4c212e5a9, platformName=iOS, device=iPhone 5}]
Session ID: 03d173c1-7406-4615-a60b-568d3d1d9309
	at org.openqa.selenium.remote.ErrorHandler.createThrowable(ErrorHandler.java:204)
	at org.openqa.selenium.remote.ErrorHandler.throwIfResponseFailed(ErrorHandler.java:156)
	at org.openqa.selenium.remote.RemoteWebDriver.execute(RemoteWebDriver.java:599)
	at io.appium.java_client.AppiumDriver.execute(AppiumDriver.java:180)
	at org.openqa.selenium.remote.RemoteWebDriver.findElement(RemoteWebDriver.java:352)
	at org.openqa.selenium.remote.RemoteWebDriver.findElementByName(RemoteWebDriver.java:425)
	at com.pp.ios.auto.sanityIos.uploadExistingPotos(sanityIos.java:226)
... Removed 27 stack frames]]>
    </failure>
  </testcase> <!-- uploadExistingPotos -->
</testsuite> <!-- Sanity Tests -->
