<?xml version="1.0" encoding="UTF-8"?>
<!-- Generated by org.testng.reporters.JUnitXMLReporter -->
<testsuite hostname="menyz.local" name="Test Sign-in Successful" tests="3" failures="1" timestamp="8 Aug 2014 10:26:04 GMT" time="195.047" errors="0">
  <testcase name="testLogin" time="42.219" classname="com.pp.webui.auto.sanityNativeAppium"/>
  <testcase name="testCreatefolder" time="27.766" classname="com.pp.webui.auto.sanityNativeAppium"/>
  <testcase name="testוUploadImage" time="124.727" classname="com.pp.webui.auto.sanityNativeAppium">
    <failure type="org.openqa.selenium.WebDriverException" message="An unknown server-side error occurred while processing the command. (Original error: XPath parse error) (WARNING: The server did not provide any stacktrace information)
Command duration or timeout: 69 milliseconds
Build info: version: &amp;apos;2.39.0&amp;apos;, revision: &amp;apos;ff23eac&amp;apos;, time: &amp;apos;2013-12-16 16:12:12&amp;apos;
System info: host: &amp;apos;menyz.local&amp;apos;, ip: &amp;apos;192.168.1.103&amp;apos;, os.name: &amp;apos;Mac OS X&amp;apos;, os.arch: &amp;apos;x86_64&amp;apos;, os.version: &amp;apos;10.9.4&amp;apos;, java.version: &amp;apos;1.7.0_51&amp;apos;
Session ID: af8d56a1-d102-4d78-826c-044580205615
Driver info: org.openqa.selenium.remote.RemoteWebDriver
Capabilities [{platform=LINUX, app=/Users/qa/Desktop/Pogoplug-5.9.0.9-20140722_093521.apk, javascriptEnabled=true, appActivity=com.pogoplug.android.login.Splash, browserName=Android, desired={platformVersion=4.4, app=/Users/qa/Desktop/Pogoplug-5.9.0.9-20140722_093521.apk, platformName=Android, deviceName=Nexus 5, appActivity=com.pogoplug.android.login.Splash, appium-version=1.0, appWaitActivity=com.pogoplug.android.login.ui.IntroPage, appPackage=com.pogoplug.android}, appPackage=com.pogoplug.android, platformVersion=4.4, databaseEnabled=false, platformName=Android, deviceName=Nexus 5, appium-version=1.0, webStorageEnabled=false, appWaitActivity=com.pogoplug.android.login.ui.IntroPage, warnings={}, takesScreenshot=true}]">
      <![CDATA[org.openqa.selenium.WebDriverException: An unknown server-side error occurred while processing the command. (Original error: XPath parse error) (WARNING: The server did not provide any stacktrace information)
Command duration or timeout: 69 milliseconds
Build info: version: '2.39.0', revision: 'ff23eac', time: '2013-12-16 16:12:12'
System info: host: 'menyz.local', ip: '192.168.1.103', os.name: 'Mac OS X', os.arch: 'x86_64', os.version: '10.9.4', java.version: '1.7.0_51'
Session ID: af8d56a1-d102-4d78-826c-044580205615
Driver info: org.openqa.selenium.remote.RemoteWebDriver
Capabilities [{platform=LINUX, app=/Users/qa/Desktop/Pogoplug-5.9.0.9-20140722_093521.apk, javascriptEnabled=true, appActivity=com.pogoplug.android.login.Splash, browserName=Android, desired={platformVersion=4.4, app=/Users/qa/Desktop/Pogoplug-5.9.0.9-20140722_093521.apk, platformName=Android, deviceName=Nexus 5, appActivity=com.pogoplug.android.login.Splash, appium-version=1.0, appWaitActivity=com.pogoplug.android.login.ui.IntroPage, appPackage=com.pogoplug.android}, appPackage=com.pogoplug.android, platformVersion=4.4, databaseEnabled=false, platformName=Android, deviceName=Nexus 5, appium-version=1.0, webStorageEnabled=false, appWaitActivity=com.pogoplug.android.login.ui.IntroPage, warnings={}, takesScreenshot=true}]
	at org.openqa.selenium.remote.ErrorHandler.createThrowable(ErrorHandler.java:193)
	at org.openqa.selenium.remote.ErrorHandler.throwIfResponseFailed(ErrorHandler.java:145)
	at org.openqa.selenium.remote.RemoteWebDriver.execute(RemoteWebDriver.java:554)
	at org.openqa.selenium.remote.RemoteWebDriver.findElement(RemoteWebDriver.java:307)
	at org.openqa.selenium.remote.RemoteWebDriver.findElementByXPath(RemoteWebDriver.java:404)
	at org.openqa.selenium.By$ByXPath.findElement(By.java:363)
	at org.openqa.selenium.remote.RemoteWebDriver.findElement(RemoteWebDriver.java:299)
	at com.pp.webui.auto.GenericMethods$1.apply(GenericMethods.java:571)
	at com.pp.webui.auto.GenericMethods$1.apply(GenericMethods.java:1)
	at org.openqa.selenium.support.ui.FluentWait.until(FluentWait.java:208)
	at com.pp.webui.auto.GenericMethods.fluentwait(GenericMethods.java:569)
	at com.pp.webui.auto.GenericMethods.xpthAndReturn(GenericMethods.java:264)
	at com.pp.webui.auto.sanityNativeAppium.testוUploadImage(sanityNativeAppium.java:200)
... Removed 28 stack frames]]>
    </failure>
  </testcase> <!-- testוUploadImage -->
</testsuite> <!-- Test Sign-in Successful -->
