<html>
<head>
<title>TestNG:  Sanity Tests(failed)</title>
<link href="../testng.css" rel="stylesheet" type="text/css" />
<link href="../my-testng.css" rel="stylesheet" type="text/css" />

<style type="text/css">
.log { display: none;} 
.stack-trace { display: none;} 
</style>
<script type="text/javascript">
<!--
function flip(e) {
  current = e.style.display;
  if (current == 'block') {
    e.style.display = 'none';
    return 0;
  }
  else {
    e.style.display = 'block';
    return 1;
  }
}

function toggleBox(szDivId, elem, msg1, msg2)
{
  var res = -1;  if (document.getElementById) {
    res = flip(document.getElementById(szDivId));
  }
  else if (document.all) {
    // this is the way old msie versions work
    res = flip(document.all[szDivId]);
  }
  if(elem) {
    if(res == 0) elem.innerHTML = msg1; else elem.innerHTML = msg2;
  }

}

function toggleAllBoxes() {
  if (document.getElementsByTagName) {
    d = document.getElementsByTagName('div');
    for (i = 0; i < d.length; i++) {
      if (d[i].className == 'log') {
        flip(d[i]);
      }
    }
  }
}

// -->
</script>

</head>
<body>
<h2 align='center'>Sanity Tests(failed)</h2><table border='1' align="center">
<tr>
<td>Tests passed/Failed/Skipped:</td><td>0/0/4</td>
</tr><tr>
<td>Started on:</td><td>Mon Nov 03 13:52:58 IST 2014</td>
</tr>
<tr><td>Total time:</td><td>0 seconds (59 ms)</td>
</tr><tr>
<td>Included groups:</td><td>Sanity Native iOS now </td>
</tr><tr>
<td>Excluded groups:</td><td></td>
</tr>
</table><p/>
<small><i>(Hover the method name to see the test class name)</i></small><p/>
<table width='100%' border='1' class='invocation-failed'>
<tr><td colspan='4' align='center'><b>FAILED CONFIGURATIONS</b></td></tr>
<tr><td><b>Test method</b></td>
<td width="30%"><b>Exception</b></td>
<td width="10%"><b>Time (seconds)</b></td>
<td><b>Instance</b></td>
</tr>
<tr>
<td title='com.pp.webui.auto.sanityNativeIosAppium.setupBeforeSuite()'><b>setupBeforeSuite</b><br>Test class: com.pp.webui.auto.sanityNativeIosAppium<br>Parameters: org.testng.TestRunner@3172cef6</td>
<td><div><pre>org.openqa.selenium.SessionNotCreatedException: A new session could not be created. (Original error: Log capture did not start in a reasonable amount of time) (WARNING: The server did not provide any stacktrace information)
Command duration or timeout: 10.61 seconds
Build info: version: &apos;2.42.2&apos;, revision: &apos;6a6995d&apos;, time: &apos;2014-06-03 17:42:30&apos;
System info: host: &apos;menyz.local&apos;, ip: &apos;10.0.0.23&apos;, os.name: &apos;Mac OS X&apos;, os.arch: &apos;x86_64&apos;, os.version: &apos;10.9.5&apos;, java.version: &apos;1.7.0_51&apos;
Driver info: io.appium.java_client.AppiumDriver
	at org.openqa.selenium.remote.ErrorHandler.createThrowable(ErrorHandler.java:204)
	at org.openqa.selenium.remote.ErrorHandler.throwIfResponseFailed(ErrorHandler.java:156)
	at org.openqa.selenium.remote.RemoteWebDriver.execute(RemoteWebDriver.java:599)
	at io.appium.java_client.AppiumDriver.execute(AppiumDriver.java:102)
	at org.openqa.selenium.remote.RemoteWebDriver.startSession(RemoteWebDriver.java:240)
	at org.openqa.selenium.remote.RemoteWebDriver.&lt;init&gt;(RemoteWebDriver.java:126)
	at org.openqa.selenium.remote.RemoteWebDriver.&lt;init&gt;(RemoteWebDriver.java:153)
	at io.appium.java_client.AppiumDriver.&lt;init&gt;(AppiumDriver.java:53)
	at com.pp.webui.auto.GenericMethods.loginNativeIos(GenericMethods.java:149)
	at com.pp.webui.auto.sanityNativeIosAppium.setupBeforeSuite(sanityNativeIosAppium.java:40)
... Removed 22 stack frames</pre></div><a href='#' onClick='toggleBox("stack-trace789866483", this, "Click to show all stack frames", "Click to hide stack frames")'>Click to show all stack frames</a>
<div class='stack-trace' id='stack-trace789866483'><pre>org.openqa.selenium.SessionNotCreatedException: A new session could not be created. (Original error: Log capture did not start in a reasonable amount of time) (WARNING: The server did not provide any stacktrace information)
Command duration or timeout: 10.61 seconds
Build info: version: &apos;2.42.2&apos;, revision: &apos;6a6995d&apos;, time: &apos;2014-06-03 17:42:30&apos;
System info: host: &apos;menyz.local&apos;, ip: &apos;10.0.0.23&apos;, os.name: &apos;Mac OS X&apos;, os.arch: &apos;x86_64&apos;, os.version: &apos;10.9.5&apos;, java.version: &apos;1.7.0_51&apos;
Driver info: io.appium.java_client.AppiumDriver
	at sun.reflect.NativeConstructorAccessorImpl.newInstance0(Native Method)
	at sun.reflect.NativeConstructorAccessorImpl.newInstance(NativeConstructorAccessorImpl.java:57)
	at sun.reflect.DelegatingConstructorAccessorImpl.newInstance(DelegatingConstructorAccessorImpl.java:45)
	at java.lang.reflect.Constructor.newInstance(Constructor.java:526)
	at org.openqa.selenium.remote.ErrorHandler.createThrowable(ErrorHandler.java:204)
	at org.openqa.selenium.remote.ErrorHandler.throwIfResponseFailed(ErrorHandler.java:156)
	at org.openqa.selenium.remote.RemoteWebDriver.execute(RemoteWebDriver.java:599)
	at io.appium.java_client.AppiumDriver.execute(AppiumDriver.java:102)
	at org.openqa.selenium.remote.RemoteWebDriver.startSession(RemoteWebDriver.java:240)
	at org.openqa.selenium.remote.RemoteWebDriver.&lt;init&gt;(RemoteWebDriver.java:126)
	at org.openqa.selenium.remote.RemoteWebDriver.&lt;init&gt;(RemoteWebDriver.java:153)
	at io.appium.java_client.AppiumDriver.&lt;init&gt;(AppiumDriver.java:53)
	at com.pp.webui.auto.GenericMethods.loginNativeIos(GenericMethods.java:149)
	at com.pp.webui.auto.sanityNativeIosAppium.setupBeforeSuite(sanityNativeIosAppium.java:40)
	at sun.reflect.NativeMethodAccessorImpl.invoke0(Native Method)
	at sun.reflect.NativeMethodAccessorImpl.invoke(NativeMethodAccessorImpl.java:57)
	at sun.reflect.DelegatingMethodAccessorImpl.invoke(DelegatingMethodAccessorImpl.java:43)
	at java.lang.reflect.Method.invoke(Method.java:606)
	at org.testng.internal.MethodInvocationHelper.invokeMethod(MethodInvocationHelper.java:84)
	at org.testng.internal.Invoker.invokeConfigurationMethod(Invoker.java:564)
	at org.testng.internal.Invoker.invokeConfigurations(Invoker.java:213)
	at org.testng.internal.Invoker.invokeConfigurations(Invoker.java:138)
	at org.testng.SuiteRunner.privateRun(SuiteRunner.java:277)
	at org.testng.SuiteRunner.run(SuiteRunner.java:240)
	at org.testng.SuiteRunnerWorker.runSuite(SuiteRunnerWorker.java:52)
	at org.testng.SuiteRunnerWorker.run(SuiteRunnerWorker.java:86)
	at org.testng.TestNG.runSuitesSequentially(TestNG.java:1224)
	at org.testng.TestNG.runSuitesLocally(TestNG.java:1149)
	at org.testng.TestNG.run(TestNG.java:1057)
	at org.testng.remote.RemoteTestNG.run(RemoteTestNG.java:111)
	at org.testng.remote.RemoteTestNG.initAndRun(RemoteTestNG.java:204)
	at org.testng.remote.RemoteTestNG.main(RemoteTestNG.java:175)
</pre></div></td>
<td>0</td>
<td>null</td></tr>
</table><p>
<table width='100%' border='1' class='invocation-skipped'>
<tr><td colspan='4' align='center'><b>SKIPPED CONFIGURATIONS</b></td></tr>
<tr><td><b>Test method</b></td>
<td width="30%"><b>Exception</b></td>
<td width="10%"><b>Time (seconds)</b></td>
<td><b>Instance</b></td>
</tr>
<tr>
<td title='com.pp.webui.auto.sanityNativeIosAppium.checkHomeScreen()'><b>checkHomeScreen</b><br>Test class: com.pp.webui.auto.sanityNativeIosAppium</td>
<td></td>
<td>0</td>
<td>com.pp.webui.auto.sanityNativeIosAppium@403a6e15</td></tr>
<tr>
<td title='com.pp.webui.auto.sanityNativeIosAppium.checkHomeScreen()'><b>checkHomeScreen</b><br>Test class: com.pp.webui.auto.sanityNativeIosAppium</td>
<td></td>
<td>0</td>
<td>com.pp.webui.auto.sanityNativeIosAppium@403a6e15</td></tr>
<tr>
<td title='com.pp.webui.auto.sanityNativeIosAppium.checkHomeScreen()'><b>checkHomeScreen</b><br>Test class: com.pp.webui.auto.sanityNativeIosAppium</td>
<td></td>
<td>0</td>
<td>com.pp.webui.auto.sanityNativeIosAppium@403a6e15</td></tr>
<tr>
<td title='com.pp.webui.auto.sanityNativeIosAppium.checkHomeScreen()'><b>checkHomeScreen</b><br>Test class: com.pp.webui.auto.sanityNativeIosAppium</td>
<td></td>
<td>0</td>
<td>com.pp.webui.auto.sanityNativeIosAppium@403a6e15</td></tr>
</table><p>
<table width='100%' border='1' class='invocation-skipped'>
<tr><td colspan='4' align='center'><b>SKIPPED TESTS</b></td></tr>
<tr><td><b>Test method</b></td>
<td width="30%"><b>Exception</b></td>
<td width="10%"><b>Time (seconds)</b></td>
<td><b>Instance</b></td>
</tr>
<tr>
<td title='com.pp.webui.auto.sanityNativeIosAppium.search()'><b>search</b><br>Test class: com.pp.webui.auto.sanityNativeIosAppium<br>Test method: Search functionality & filter</td>
<td></td>
<td>0</td>
<td>com.pp.webui.auto.sanityNativeIosAppium@403a6e15</td></tr>
<tr>
<td title='com.pp.webui.auto.sanityNativeIosAppium.settingsBackupEnableDisableDuringUpload()'><b>settingsBackupEnableDisableDuringUpload</b><br>Test class: com.pp.webui.auto.sanityNativeIosAppium<br>Test method: Settings: Backup Enable/disable *with upload in the background</td>
<td></td>
<td>0</td>
<td>com.pp.webui.auto.sanityNativeIosAppium@403a6e15</td></tr>
<tr>
<td title='com.pp.webui.auto.sanityNativeIosAppium.settingsSaveLoginSanity()'><b>settingsSaveLoginSanity</b><br>Test class: com.pp.webui.auto.sanityNativeIosAppium<br>Test method: Settings: Save Login</td>
<td></td>
<td>0</td>
<td>com.pp.webui.auto.sanityNativeIosAppium@403a6e15</td></tr>
<tr>
<td title='com.pp.webui.auto.sanityNativeIosAppium.testTour()'><b>testTour</b><br>Test class: com.pp.webui.auto.sanityNativeIosAppium<br>Test method: Test TOUR for New accounts and for upgrade accounts</td>
<td></td>
<td>0</td>
<td>com.pp.webui.auto.sanityNativeIosAppium@403a6e15</td></tr>
</table><p>
</body>
</html>