<?xml version="1.0" encoding="UTF-8"?>
<!-- Generated by org.testng.reporters.JUnitXMLReporter -->
<testsuite hostname="menyz.local" name="Sanity Tests(failed)" tests="4" failures="0" timestamp="3 Nov 2014 11:52:58 GMT" time="0.059" errors="0">
  <testcase name="@BeforeSuite setupBeforeSuite" time="0.0" classname="com.pp.webui.auto.sanityNativeIosAppium">
    <failure type="org.openqa.selenium.SessionNotCreatedException" message="A new session could not be created. (Original error: Log capture did not start in a reasonable amount of time) (WARNING: The server did not provide any stacktrace information)
Command duration or timeout: 10.61 seconds
Build info: version: &amp;apos;2.42.2&amp;apos;, revision: &amp;apos;6a6995d&amp;apos;, time: &amp;apos;2014-06-03 17:42:30&amp;apos;
System info: host: &amp;apos;menyz.local&amp;apos;, ip: &amp;apos;10.0.0.23&amp;apos;, os.name: &amp;apos;Mac OS X&amp;apos;, os.arch: &amp;apos;x86_64&amp;apos;, os.version: &amp;apos;10.9.5&amp;apos;, java.version: &amp;apos;1.7.0_51&amp;apos;
Driver info: io.appium.java_client.AppiumDriver">
      <![CDATA[org.openqa.selenium.SessionNotCreatedException: A new session could not be created. (Original error: Log capture did not start in a reasonable amount of time) (WARNING: The server did not provide any stacktrace information)
Command duration or timeout: 10.61 seconds
Build info: version: '2.42.2', revision: '6a6995d', time: '2014-06-03 17:42:30'
System info: host: 'menyz.local', ip: '10.0.0.23', os.name: 'Mac OS X', os.arch: 'x86_64', os.version: '10.9.5', java.version: '1.7.0_51'
Driver info: io.appium.java_client.AppiumDriver
	at org.openqa.selenium.remote.ErrorHandler.createThrowable(ErrorHandler.java:204)
	at org.openqa.selenium.remote.ErrorHandler.throwIfResponseFailed(ErrorHandler.java:156)
	at org.openqa.selenium.remote.RemoteWebDriver.execute(RemoteWebDriver.java:599)
	at io.appium.java_client.AppiumDriver.execute(AppiumDriver.java:102)
	at org.openqa.selenium.remote.RemoteWebDriver.startSession(RemoteWebDriver.java:240)
	at org.openqa.selenium.remote.RemoteWebDriver.<init>(RemoteWebDriver.java:126)
	at org.openqa.selenium.remote.RemoteWebDriver.<init>(RemoteWebDriver.java:153)
	at io.appium.java_client.AppiumDriver.<init>(AppiumDriver.java:53)
	at com.pp.webui.auto.GenericMethods.loginNativeIos(GenericMethods.java:149)
	at com.pp.webui.auto.sanityNativeIosAppium.setupBeforeSuite(sanityNativeIosAppium.java:40)
... Removed 22 stack frames]]>
    </failure>
  </testcase> <!-- @BeforeSuite setupBeforeSuite -->
  <testcase name="@BeforeMethod checkHomeScreen" time="0.0" classname="com.pp.webui.auto.sanityNativeIosAppium">
    <skipped/>
  </testcase> <!-- @BeforeMethod checkHomeScreen -->
  <testcase name="@BeforeMethod checkHomeScreen" time="0.0" classname="com.pp.webui.auto.sanityNativeIosAppium">
    <skipped/>
  </testcase> <!-- @BeforeMethod checkHomeScreen -->
  <testcase name="@BeforeMethod checkHomeScreen" time="0.0" classname="com.pp.webui.auto.sanityNativeIosAppium">
    <skipped/>
  </testcase> <!-- @BeforeMethod checkHomeScreen -->
  <testcase name="@BeforeMethod checkHomeScreen" time="0.0" classname="com.pp.webui.auto.sanityNativeIosAppium">
    <skipped/>
  </testcase> <!-- @BeforeMethod checkHomeScreen -->
  <testcase name="settingsBackupEnableDisableDuringUpload" time="0.002" classname="com.pp.webui.auto.sanityNativeIosAppium">
    <skipped/>
  </testcase> <!-- settingsBackupEnableDisableDuringUpload -->
  <testcase name="testTour" time="0.004" classname="com.pp.webui.auto.sanityNativeIosAppium">
    <skipped/>
  </testcase> <!-- testTour -->
  <testcase name="search" time="0.001" classname="com.pp.webui.auto.sanityNativeIosAppium">
    <skipped/>
  </testcase> <!-- search -->
  <testcase name="settingsSaveLoginSanity" time="0.01" classname="com.pp.webui.auto.sanityNativeIosAppium">
    <skipped/>
  </testcase> <!-- settingsSaveLoginSanity -->
</testsuite> <!-- Sanity Tests(failed) -->
