<?xml version="1.0" encoding="UTF-8"?>
<testng-results skipped="0" failed="1" total="1" passed="0">
  <reporter-output>
  </reporter-output>
  <suite name="Suite" duration-ms="99344" started-at="2015-03-20T10:40:10Z" finished-at="2015-03-20T10:41:49Z">
    <groups>
      <group name="Sanity iOS1">
        <method signature="SanityIos.ClearHistoryAndChangeDefaultDestination()[pri:0, instance:com.pp.ios.auto.SanityIos@1198b989]" name="ClearHistoryAndChangeDefaultDestination" class="com.pp.ios.auto.SanityIos"/>
      </group> <!-- Sanity iOS1 -->
    </groups>
    <test name="Sanity Tests" duration-ms="99344" started-at="2015-03-20T10:40:10Z" finished-at="2015-03-20T10:41:49Z">
      <class name="com.pp.ios.auto.SanityIos">
        <test-method status="PASS" signature="setupBeforeSuite(org.testng.ITestContext)[pri:0, instance:com.pp.ios.auto.SanityIos@1198b989]" name="setupBeforeSuite" is-config="true" duration-ms="146117" started-at="2015-03-20T12:37:44Z" finished-at="2015-03-20T12:40:10Z">
          <params>
            <param index="0">
              <value>
                <![CDATA[org.testng.TestRunner@740abb5]]>
              </value>
            </param>
          </params>
          <reporter-output>
          </reporter-output>
        </test-method> <!-- setupBeforeSuite -->
        <test-method status="PASS" signature="checkHomeScreen()[pri:0, instance:com.pp.ios.auto.SanityIos@1198b989]" name="checkHomeScreen" is-config="true" duration-ms="2400" started-at="2015-03-20T12:40:10Z" finished-at="2015-03-20T12:40:12Z">
          <reporter-output>
          </reporter-output>
        </test-method> <!-- checkHomeScreen -->
        <test-method status="FAIL" signature="ClearHistoryAndChangeDefaultDestination()[pri:0, instance:com.pp.ios.auto.SanityIos@1198b989]" name="ClearHistoryAndChangeDefaultDestination" duration-ms="96922" started-at="2015-03-20T12:40:12Z" description="change default destination" finished-at="2015-03-20T12:41:49Z">
          <exception class="java.lang.AssertionError">
            <message>
              <![CDATA[WebElement is not visible]]>
            </message>
            <full-stacktrace>
              <![CDATA[java.lang.AssertionError: WebElement is not visible
	at org.testng.Assert.fail(Assert.java:94)
	at com.pp.ios.auto.GenericMethods.isElementVisible(GenericMethods.java:1035)
	at com.pp.ios.auto.SanityIos.ClearHistoryAndChangeDefaultDestination(SanityIos.java:1460)
	at sun.reflect.NativeMethodAccessorImpl.invoke0(Native Method)
	at sun.reflect.NativeMethodAccessorImpl.invoke(NativeMethodAccessorImpl.java:62)
	at sun.reflect.DelegatingMethodAccessorImpl.invoke(DelegatingMethodAccessorImpl.java:43)
	at java.lang.reflect.Method.invoke(Method.java:483)
	at org.testng.internal.MethodInvocationHelper.invokeMethod(MethodInvocationHelper.java:84)
	at org.testng.internal.Invoker.invokeMethod(Invoker.java:714)
	at org.testng.internal.Invoker.invokeTestMethod(Invoker.java:901)
	at org.testng.internal.Invoker.invokeTestMethods(Invoker.java:1231)
	at org.testng.internal.TestMethodWorker.invokeTestMethods(TestMethodWorker.java:127)
	at org.testng.internal.TestMethodWorker.run(TestMethodWorker.java:111)
	at org.testng.TestRunner.privateRun(TestRunner.java:767)
	at org.testng.TestRunner.run(TestRunner.java:617)
	at org.testng.SuiteRunner.runTest(SuiteRunner.java:334)
	at org.testng.SuiteRunner.runSequentially(SuiteRunner.java:329)
	at org.testng.SuiteRunner.privateRun(SuiteRunner.java:291)
	at org.testng.SuiteRunner.run(SuiteRunner.java:240)
	at org.testng.SuiteRunnerWorker.runSuite(SuiteRunnerWorker.java:52)
	at org.testng.SuiteRunnerWorker.run(SuiteRunnerWorker.java:86)
	at org.testng.TestNG.runSuitesSequentially(TestNG.java:1224)
	at org.testng.TestNG.runSuitesLocally(TestNG.java:1149)
	at org.testng.TestNG.run(TestNG.java:1057)
	at org.testng.remote.RemoteTestNG.run(RemoteTestNG.java:111)
	at org.testng.remote.RemoteTestNG.initAndRun(RemoteTestNG.java:204)
	at org.testng.remote.RemoteTestNG.main(RemoteTestNG.java:175)
]]>
            </full-stacktrace>
          </exception> <!-- java.lang.AssertionError -->
          <reporter-output>
          </reporter-output>
        </test-method> <!-- ClearHistoryAndChangeDefaultDestination -->
        <test-method status="PASS" signature="tearDown()[pri:0, instance:com.pp.ios.auto.SanityIos@1198b989]" name="tearDown" is-config="true" duration-ms="2240" started-at="2015-03-20T12:41:49Z" finished-at="2015-03-20T12:41:51Z">
          <reporter-output>
          </reporter-output>
        </test-method> <!-- tearDown -->
      </class> <!-- com.pp.ios.auto.SanityIos -->
    </test> <!-- Sanity Tests -->
  </suite> <!-- Suite -->
</testng-results>
