<?xml version="1.0" encoding="UTF-8"?>
<!-- Generated by org.testng.reporters.JUnitReportReporter -->
<testsuite hostname="menyz.local" name="com.pp.ios.auto.sanityIos" tests="1" failures="1" timestamp="11 Dec 2014 14:35:51 GMT" time="396.015" errors="0">
  <testcase name="uploadExistingPotos" time="396.015" classname="com.pp.ios.auto.sanityIos">
    <failure type="org.openqa.selenium.NoSuchElementException" message="An element could not be located on the page using the given search parameters. (WARNING: The server did not provide any stacktrace information)
Command duration or timeout: 1.15 seconds
For documentation on this error, please visit: http://seleniumhq.org/exceptions/no_such_element.html
Build info: version: &#039;2.44.0&#039;, revision: &#039;76d78cf&#039;, time: &#039;2014-10-23 20:03:00&#039;
System info: host: &#039;menyz.local&#039;, ip: &#039;10.0.0.9&#039;, os.name: &#039;Mac OS X&#039;, os.arch: &#039;x86_64&#039;, os.version: &#039;10.9.5&#039;, java.version: &#039;1.8.0_11&#039;
Driver info: io.appium.java_client.ios.IOSDriver
Capabilities [{app=/Users/qa/Desktop/Appium/Pogoplug.app, networkConnectionEnabled=false, warnings={}, databaseEnabled=false, deviceName=Automation test2, version=8.1, platform=MAC, desired={app=/Users/qa/Desktop/Appium/Pogoplug.app, udid=dc32ad3627707abcf57c9844d4ed95e4c212e5a9, platformName=iOS, deviceName=Automation test2, device=iPhone 5, version=8.1}, webStorageEnabled=false, locationContextEnabled=false, browserName=iOS, takesScreenshot=true, javascriptEnabled=true, udid=dc32ad3627707abcf57c9844d4ed95e4c212e5a9, platformName=iOS, device=iPhone 5}]
Session ID: 1e71409c-b75d-4df9-9cb4-896b4b1efcde">
      <![CDATA[org.openqa.selenium.NoSuchElementException: An element could not be located on the page using the given search parameters. (WARNING: The server did not provide any stacktrace information)
Command duration or timeout: 1.15 seconds
For documentation on this error, please visit: http://seleniumhq.org/exceptions/no_such_element.html
Build info: version: '2.44.0', revision: '76d78cf', time: '2014-10-23 20:03:00'
System info: host: 'menyz.local', ip: '10.0.0.9', os.name: 'Mac OS X', os.arch: 'x86_64', os.version: '10.9.5', java.version: '1.8.0_11'
Driver info: io.appium.java_client.ios.IOSDriver
Capabilities [{app=/Users/qa/Desktop/Appium/Pogoplug.app, networkConnectionEnabled=false, warnings={}, databaseEnabled=false, deviceName=Automation test2, version=8.1, platform=MAC, desired={app=/Users/qa/Desktop/Appium/Pogoplug.app, udid=dc32ad3627707abcf57c9844d4ed95e4c212e5a9, platformName=iOS, deviceName=Automation test2, device=iPhone 5, version=8.1}, webStorageEnabled=false, locationContextEnabled=false, browserName=iOS, takesScreenshot=true, javascriptEnabled=true, udid=dc32ad3627707abcf57c9844d4ed95e4c212e5a9, platformName=iOS, device=iPhone 5}]
Session ID: 1e71409c-b75d-4df9-9cb4-896b4b1efcde
	at sun.reflect.GeneratedConstructorAccessor12.newInstance(Unknown Source)
	at sun.reflect.DelegatingConstructorAccessorImpl.newInstance(DelegatingConstructorAccessorImpl.java:45)
	at java.lang.reflect.Constructor.newInstance(Constructor.java:408)
	at org.openqa.selenium.remote.ErrorHandler.createThrowable(ErrorHandler.java:204)
	at org.openqa.selenium.remote.ErrorHandler.throwIfResponseFailed(ErrorHandler.java:156)
	at org.openqa.selenium.remote.RemoteWebDriver.execute(RemoteWebDriver.java:599)
	at io.appium.java_client.AppiumDriver.execute(AppiumDriver.java:180)
	at org.openqa.selenium.remote.RemoteWebDriver.findElement(RemoteWebDriver.java:352)
	at org.openqa.selenium.remote.RemoteWebDriver.findElementByName(RemoteWebDriver.java:425)
	at com.pp.ios.auto.sanityIos.uploadExistingPotos(sanityIos.java:226)
	at sun.reflect.NativeMethodAccessorImpl.invoke0(Native Method)
	at sun.reflect.NativeMethodAccessorImpl.invoke(NativeMethodAccessorImpl.java:62)
	at sun.reflect.DelegatingMethodAccessorImpl.invoke(DelegatingMethodAccessorImpl.java:43)
	at java.lang.reflect.Method.invoke(Method.java:483)
	at org.testng.internal.MethodInvocationHelper.invokeMethod(MethodInvocationHelper.java:84)
	at org.testng.internal.Invoker.invokeMethod(Invoker.java:714)
	at org.testng.internal.Invoker.invokeTestMethod(Invoker.java:901)
	at org.testng.internal.Invoker.invokeTestMethods(Invoker.java:1231)
	at org.testng.internal.TestMethodWorker.invokeTestMethods(TestMethodWorker.java:127)
	at org.testng.internal.TestMethodWorker.run(TestMethodWorker.java:111)
	at org.testng.TestRunner.privateRun(TestRunner.java:767)
	at org.testng.TestRunner.run(TestRunner.java:617)
	at org.testng.SuiteRunner.runTest(SuiteRunner.java:334)
	at org.testng.SuiteRunner.runSequentially(SuiteRunner.java:329)
	at org.testng.SuiteRunner.privateRun(SuiteRunner.java:291)
	at org.testng.SuiteRunner.run(SuiteRunner.java:240)
	at org.testng.SuiteRunnerWorker.runSuite(SuiteRunnerWorker.java:52)
	at org.testng.SuiteRunnerWorker.run(SuiteRunnerWorker.java:86)
	at org.testng.TestNG.runSuitesSequentially(TestNG.java:1224)
	at org.testng.TestNG.runSuitesLocally(TestNG.java:1149)
	at org.testng.TestNG.run(TestNG.java:1057)
	at com.pp.ios.auto.runIos.main(runIos.java:30)
]]>
    </failure>
  </testcase> <!-- uploadExistingPotos -->
</testsuite> <!-- com.pp.ios.auto.sanityIos -->
